{"@timestamp":"2021-11-30T17:49:35.432-03:00","@version":"1","message":"Starting ConsultaGestionAudiosApplication using Java 11 on LAPTOP-4RH5GT7C with PID 32408 (C:\\Users\\javie\\Downloads\\consulta-gestion-audios\\consulta-gestion-audios\\target\\classes started by javie in C:\\Users\\javie\\Downloads\\consulta-gestion-audios\\consulta-gestion-audios)","logger_name":"com.ripley.consultagestionaudios.ConsultaGestionAudiosApplication","thread_name":"main","level":"INFO","level_value":20000}
{"@timestamp":"2021-11-30T17:49:35.438-03:00","@version":"1","message":"No active profile set, falling back to default profiles: default","logger_name":"com.ripley.consultagestionaudios.ConsultaGestionAudiosApplication","thread_name":"main","level":"INFO","level_value":20000}
{"@timestamp":"2021-11-30T17:49:36.349-03:00","@version":"1","message":"Tomcat initialized with port(s): 8080 (http)","logger_name":"org.springframework.boot.web.embedded.tomcat.TomcatWebServer","thread_name":"main","level":"INFO","level_value":20000}
{"@timestamp":"2021-11-30T17:49:36.356-03:00","@version":"1","message":"Initializing ProtocolHandler [\"http-nio-8080\"]","logger_name":"org.apache.coyote.http11.Http11NioProtocol","thread_name":"main","level":"INFO","level_value":20000}
{"@timestamp":"2021-11-30T17:49:36.356-03:00","@version":"1","message":"Starting service [Tomcat]","logger_name":"org.apache.catalina.core.StandardService","thread_name":"main","level":"INFO","level_value":20000}
{"@timestamp":"2021-11-30T17:49:36.356-03:00","@version":"1","message":"Starting Servlet engine: [Apache Tomcat/9.0.55]","logger_name":"org.apache.catalina.core.StandardEngine","thread_name":"main","level":"INFO","level_value":20000}
{"@timestamp":"2021-11-30T17:49:36.409-03:00","@version":"1","message":"Initializing Spring embedded WebApplicationContext","logger_name":"org.apache.catalina.core.ContainerBase.[Tomcat].[localhost].[/]","thread_name":"main","level":"INFO","level_value":20000}
{"@timestamp":"2021-11-30T17:49:36.410-03:00","@version":"1","message":"Root WebApplicationContext: initialization completed in 928 ms","logger_name":"org.springframework.boot.web.servlet.context.ServletWebServerApplicationContext","thread_name":"main","level":"INFO","level_value":20000}
{"@timestamp":"2021-11-30T17:49:36.602-03:00","@version":"1","message":"Starting ProtocolHandler [\"http-nio-8080\"]","logger_name":"org.apache.coyote.http11.Http11NioProtocol","thread_name":"main","level":"INFO","level_value":20000}
{"@timestamp":"2021-11-30T17:49:36.617-03:00","@version":"1","message":"Tomcat started on port(s): 8080 (http) with context path ''","logger_name":"org.springframework.boot.web.embedded.tomcat.TomcatWebServer","thread_name":"main","level":"INFO","level_value":20000}
{"@timestamp":"2021-11-30T17:49:36.623-03:00","@version":"1","message":"Started ConsultaGestionAudiosApplication in 1.452 seconds (JVM running for 1.987)","logger_name":"com.ripley.consultagestionaudios.ConsultaGestionAudiosApplication","thread_name":"main","level":"INFO","level_value":20000}
{"@timestamp":"2021-11-30T18:10:32.135-03:00","@version":"1","message":"Starting ConsultaGestionAudiosApplication using Java 11 on LAPTOP-4RH5GT7C with PID 10224 (C:\\Users\\javie\\Downloads\\consulta-gestion-audios\\consulta-gestion-audios\\target\\classes started by javie in C:\\Users\\javie\\Downloads\\consulta-gestion-audios\\consulta-gestion-audios)","logger_name":"com.ripley.consultagestionaudios.ConsultaGestionAudiosApplication","thread_name":"main","level":"INFO","level_value":20000}
{"@timestamp":"2021-11-30T18:10:32.141-03:00","@version":"1","message":"No active profile set, falling back to default profiles: default","logger_name":"com.ripley.consultagestionaudios.ConsultaGestionAudiosApplication","thread_name":"main","level":"INFO","level_value":20000}
{"@timestamp":"2021-11-30T18:10:33.053-03:00","@version":"1","message":"Tomcat initialized with port(s): 8080 (http)","logger_name":"org.springframework.boot.web.embedded.tomcat.TomcatWebServer","thread_name":"main","level":"INFO","level_value":20000}
{"@timestamp":"2021-11-30T18:10:33.060-03:00","@version":"1","message":"Initializing ProtocolHandler [\"http-nio-8080\"]","logger_name":"org.apache.coyote.http11.Http11NioProtocol","thread_name":"main","level":"INFO","level_value":20000}
{"@timestamp":"2021-11-30T18:10:33.061-03:00","@version":"1","message":"Starting service [Tomcat]","logger_name":"org.apache.catalina.core.StandardService","thread_name":"main","level":"INFO","level_value":20000}
{"@timestamp":"2021-11-30T18:10:33.061-03:00","@version":"1","message":"Starting Servlet engine: [Apache Tomcat/9.0.55]","logger_name":"org.apache.catalina.core.StandardEngine","thread_name":"main","level":"INFO","level_value":20000}
{"@timestamp":"2021-11-30T18:10:33.112-03:00","@version":"1","message":"Initializing Spring embedded WebApplicationContext","logger_name":"org.apache.catalina.core.ContainerBase.[Tomcat].[localhost].[/]","thread_name":"main","level":"INFO","level_value":20000}
{"@timestamp":"2021-11-30T18:10:33.112-03:00","@version":"1","message":"Root WebApplicationContext: initialization completed in 933 ms","logger_name":"org.springframework.boot.web.servlet.context.ServletWebServerApplicationContext","thread_name":"main","level":"INFO","level_value":20000}
{"@timestamp":"2021-11-30T18:10:33.309-03:00","@version":"1","message":"Starting ProtocolHandler [\"http-nio-8080\"]","logger_name":"org.apache.coyote.http11.Http11NioProtocol","thread_name":"main","level":"INFO","level_value":20000}
{"@timestamp":"2021-11-30T18:10:33.328-03:00","@version":"1","message":"Tomcat started on port(s): 8080 (http) with context path ''","logger_name":"org.springframework.boot.web.embedded.tomcat.TomcatWebServer","thread_name":"main","level":"INFO","level_value":20000}
{"@timestamp":"2021-11-30T18:10:33.335-03:00","@version":"1","message":"Started ConsultaGestionAudiosApplication in 1.439 seconds (JVM running for 1.922)","logger_name":"com.ripley.consultagestionaudios.ConsultaGestionAudiosApplication","thread_name":"main","level":"INFO","level_value":20000}
{"@timestamp":"2021-11-30T18:10:33.337-03:00","@version":"1","message":"Test info","logger_name":"com.ripley.consultagestionaudios.ConsultaImpl","thread_name":"main","level":"INFO","level_value":20000}
{"@timestamp":"2021-11-30T18:10:33.337-03:00","@version":"1","message":"Test warn","logger_name":"com.ripley.consultagestionaudios.ConsultaImpl","thread_name":"main","level":"WARN","level_value":30000}
{"@timestamp":"2021-11-30T18:10:33.339-03:00","@version":"1","message":"Test error","logger_name":"com.ripley.consultagestionaudios.ConsultaImpl","thread_name":"main","level":"ERROR","level_value":40000}
{"@timestamp":"2021-11-30T18:10:33.339-03:00","@version":"1","message":"Test info","logger_name":"com.ripley.consultagestionaudios.ConsultaGestionAudiosApplication","thread_name":"main","level":"INFO","level_value":20000}
{"@timestamp":"2021-11-30T18:10:33.339-03:00","@version":"1","message":"Test warn","logger_name":"com.ripley.consultagestionaudios.ConsultaGestionAudiosApplication","thread_name":"main","level":"WARN","level_value":30000}
{"@timestamp":"2021-11-30T18:10:33.340-03:00","@version":"1","message":"Test error","logger_name":"com.ripley.consultagestionaudios.ConsultaGestionAudiosApplication","thread_name":"main","level":"ERROR","level_value":40000}
